<?xml version="1.0" encoding="UTF-8"?>
<!-- Generated by org.testng.reporters.JUnitReportReporter -->
<testsuite hostname="LAPTOP-AA8TAC45" failures="0" tests="4" name="api.tests.UserTests" time="8.460" errors="0" timestamp="2024-04-15T21:40:51 IST" skipped="0">
  <testcase classname="api.tests.UserTests" name="testPostUser" time="3.156"/>
  <testcase classname="api.tests.UserTests" name="testGetUserByName" time="1.302"/>
  <testcase classname="api.tests.UserTests" name="testUpdateUserByName" time="2.662"/>
  <testcase classname="api.tests.UserTests" name="testDeleteUser" time="1.340"/>
</testsuite> <!-- api.tests.UserTests -->
