<?xml version="1.0" encoding="UTF-8"?>
<!-- Generated by org.testng.reporters.JUnitReportReporter -->
<testsuite hostname="LAPTOP-AA8TAC45" failures="0" tests="4" name="api.tests.UserTests2" time="8.255" errors="0" timestamp="2024-04-15T21:56:36 IST" skipped="0">
  <testcase classname="api.tests.UserTests2" name="testPostUser" time="3.009"/>
  <testcase classname="api.tests.UserTests2" name="testGetUserByName" time="1.342"/>
  <testcase classname="api.tests.UserTests2" name="testUpdateUserByName" time="2.590"/>
  <testcase classname="api.tests.UserTests2" name="testDeleteUser" time="1.314"/>
</testsuite> <!-- api.tests.UserTests2 -->
